Requested labels: ubuntu-latest
Job defined at: Significant-Gravitas/AutoGPT/.github/workflows/platform-frontend-ci.yml@refs/pull/9815/merge
Waiting for a runner to pick up this job...
Job is waiting for a hosted runner to come online.
Job is about to start running on the hosted runner: GitHub Actions 309 (hosted)
Current runner version: '2.323.0'
##[group]Operating System
Ubuntu
24.04.2
LTS
##[endgroup]
##[group]Runner Image
Image: ubuntu-24.04
Version: 20250406.1.0
Included Software: https://github.com/actions/runner-images/blob/ubuntu24/20250406.1/images/ubuntu/Ubuntu2404-Readme.md
Image Release: https://github.com/actions/runner-images/releases/tag/ubuntu24%2F20250406.1
##[endgroup]
##[group]Runner Image Provisioner
2.0.422.1
##[endgroup]
##[group]GITHUB_TOKEN Permissions
read

read
##[endgroup]
Dependabot



'actions/checkout@v4'
Version: 4.2.2
ccb2698953eaebd21c7bf6268a94f9c26518a7e38e27e0b83c1fe1ad049819b1
11bd71901bbe5b1630ceea73d27597364c9af683
##[endgroup]
'actions/setup-node@v4'
Version: 4.4.0
9427cefe82346e992fb5b949e3569b39d537ae41aa3086483b14eceebfc16bc1
49933ea5288caeca8642d1e84afbd3f7d6820020
##[endgroup]
type-check
actions/checkout@v4

Significant-Gravitas/AutoGPT



true


1



false

##[endgroup]
Significant-Gravitas/AutoGPT

'/home/runner/work/AutoGPT/AutoGPT'

2 49 0
##[endgroup]
Temporarily overriding HOME='/home/runner/work/_temp/d5e4ff37-aa92-4749-a1e0-44ac58c5e585' before making global git config changes

[command]/usr/bin/git config --global --add safe.directory /home/runner/work/AutoGPT/AutoGPT
'/home/runner/work/AutoGPT/AutoGPT'

/home/runner/work/AutoGPT/AutoGPT










/home/runner/work/AutoGPT/AutoGPT/.git/
https://github.com/Significant-Gravitas/AutoGPT
##[endgroup]

[command]/usr/bin/git config --local gc.auto 0
##[endgroup]

core\.sshCommand
'core\.sshCommand' 'core.sshCommand'
http\.https\:\/\/github\.com\/\.extraheader
'http\.https\:\/\/github\.com\/\.extraheader' 'http.https://github.com/.extraheader'
--local
##[endgroup]

2 --no-tags --prune --no-recurse-submodules --depth=1 origin +373722bd599c5656ae5e74d6b84eb1e7173d7c4e:refs/remotes/pull/9815/merge
https://github.com/Significant-Gravitas/AutoGPT
373722bd599c5656ae5e74d6b84eb1e7173d7c4e  pull/9815/merge
##[endgroup]

##[endgroup]

[command]/usr/bin/git config --local --unset-all extensions.worktreeConfig

9815
9815
2025-04-14T18:05:12.8744828Z



2025-04-14T18:05:12.8747727Z


2025-04-14T18:05:12.8749343Z

2025-04-14T18:05:12.8749868Z

2025-04-14T18:05:12.8750409Z

2025-04-14T18:05:12.8750851Z

2025-04-14T18:05:12.8751846Z
373722b 95315f59773bc7c863575d9a3af3fb6bc85e4b57 d791cdea760e7549a970c9eb927be9ce3d423a83
##[endgroup]
-1 --format=%H
373722bd599c5656ae5e74d6b84eb1e7173d7c4e
actions/setup-node@v4

node-version: 21
always-auth: false


##[endgroup]
Attempting to download 21...
Not found in manifest. Falling back to download directly from Node
Acquiring 21.7.3 - x64 from https://nodejs.org/dist/v21.7.3/node-v21.7.3-linux-x64.tar.gz
Extracting ...
[command]/usr/bin/tar xz --strip 1 --warning=no-unknown-keyword --overwrite -C /home/runner/work/_temp/83e55480-8c69-4efd-8991-a1abbe894567 -f /home/runner/work/_temp/4a824d9e-cf1c-405a-9d79-1119921696f0
Adding to the cache ...
Done
##[group]Environment details
node: v21.7.3
npm: 10.5.0
yarn: 1.22.22
##[endgroup]
##[group]Run yarn install --frozen-lockfile
[36;1myarn install --frozen-lockfile[0m
0
##[endgroup]
yarn install v1.22.22
[1/4] Resolving packages...
[2/4] Fetching packages...
[3/4] Linking dependencies...
warning "@sentry/nextjs > @sentry/opentelemetry@9.12.0" has unmet peer dependency "@opentelemetry/context-async-hooks@^1.30.1".
warning "@sentry/nextjs > @sentry/opentelemetry@9.12.0" has unmet peer dependency "@opentelemetry/core@^1.30.1".
warning "@sentry/nextjs > @sentry/opentelemetry@9.12.0" has unmet peer dependency "@opentelemetry/instrumentation@^0.57.1".
warning "@sentry/nextjs > @sentry/opentelemetry@9.12.0" has unmet peer dependency "@opentelemetry/sdk-trace-base@^1.30.1".
warning "@sentry/nextjs > @sentry/webpack-plugin@3.2.4" has unmet peer dependency "webpack@>=4.40.0".
warning "@storybook/addon-a11y > vitest-axe@0.1.0" has unmet peer dependency "vitest@>=0.16.0".
warning "@storybook/nextjs > @pmmmwh/react-refresh-webpack-plugin@0.5.15" has unmet peer dependency "webpack@>=4.43.0 <6.0.0".
warning "@storybook/nextjs > babel-loader@9.2.1" has unmet peer dependency "webpack@>=5".
warning "@storybook/nextjs > node-polyfill-webpack-plugin@2.0.1" has unmet peer dependency "webpack@>=5".
warning "@storybook/nextjs > style-loader@3.3.4" has unmet peer dependency "webpack@^5.0.0".
warning " > axe-playwright@2.0.3" has unmet peer dependency "playwright@>1.0.0".
[4/4] Building fresh packages...
Done in 55.03s.
##[group]Run yarn type-check
[36;1myarn type-check[0m
0
##[endgroup]
yarn run v1.22.22
$ tsc --noEmit
##[error]src/components/Flow.tsx(666,11): error TS2322: Type '(nodeChanges: NodeChange<CustomNode>[]) => void' is not assignable to type 'OnNodesChange<Node>'.
Types of parameters 'nodeChanges' and 'changes' are incompatible.
Type 'NodeChange<Node>[]' is not assignable to type 'NodeChange<CustomNode>[]'.
Type 'NodeChange<Node>' is not assignable to type 'NodeChange<CustomNode>'.
Type 'NodeAddChange<Node>' is not assignable to type 'NodeChange<CustomNode>'.
Type 'NodeAddChange<Node>' is not assignable to type 'NodeAddChange<CustomNode>'.
Type 'Node' is not assignable to type 'CustomNode'.
Type 'Node' is not assignable to type 'NodeBase<CustomNodeData, "custom">'.
Types of property 'data' are incompatible.
Type 'Record<string, unknown>' is missing the following properties from type 'CustomNodeData': blockType, blockCosts, title, description, and 8 more.
##[error]src/components/ui/form.stories.tsx(143,9): error TS2353: Object literal may only specify known properties, and 'values' does not exist in type 'Subjects<FieldValues>'.
##[error]src/components/ui/form.stories.tsx(292,9): error TS2353: Object literal may only specify known properties, and 'values' does not exist in type 'Subjects<FieldValues>'.
##[error]src/components/ui/form.stories.tsx(487,9): error TS2353: Object literal may only specify known properties, and 'values' does not exist in type 'Subjects<FieldValues>'.
error Command failed with exit code 2.
info Visit https://yarnpkg.com/en/docs/cli/run for documentation about this command.
##[error]Process completed with exit code 2.


2 49 0
Temporarily overriding HOME='/home/runner/work/_temp/7918d767-dcb2-4e8a-b607-5be7cd08923f' before making global git config changes

[command]/usr/bin/git config --global --add safe.directory /home/runner/work/AutoGPT/AutoGPT
core\.sshCommand
'core\.sshCommand' 'core.sshCommand'
http\.https\:\/\/github\.com\/\.extraheader


'http\.https\:\/\/github\.com\/\.extraheader' 'http.https://github.com/.extraheader'

